LOG:  database system was shut down at 2017-02-08 10:32:40 MYT
LOG:  MultiXact member wraparound protections are now enabled
LOG:  autovacuum launcher started
LOG:  database system is ready to accept connections
FATAL:  database "test" does not exist
ERROR:  function current_db() does not exist at character 39
HINT:  No function matches the given name and argument types. You might need to add explicit type casts.
STATEMENT:  SELECT COUNT(*) AS total FROM (SELECT current_db()) AS sub
ERROR:  syntax error at or near "off" at character 197
STATEMENT:  /***************************
	
	Computer science 
	
	***************************/
	
	/* 
	
	prevent characters like & in strings to be interpreted  by Oracle 
	
	remove in PostfreSQL
	
	*/
	
	set define off
	
	/*
	
	ALTER SESSION modifies the date format YYYY-MM-DD in Oracle
	
	the default date format is '01-Jan-07' (DD-MON-YY)
	
	remove for PostgreSQL
	
	*/
	
	alter session set NLS_DATE_FORMAT='YYYY-MM-DD';
LOG:  received fast shutdown request
LOG:  aborting any active transactions
LOG:  autovacuum launcher shutting down
LOG:  shutting down
LOG:  database system is shut down
